<?xml version="1.0" encoding="UTF-8"?>
<coverage generated="1682885601697" clover="3.2.0">
  <project timestamp="1682885601697" name="All files">
    <metrics statements="32" coveredstatements="32" conditionals="15" coveredconditionals="15" methods="3" coveredmethods="3" elements="50" coveredelements="50" complexity="0" loc="32" ncloc="32" packages="1" files="1" classes="1"/>
    <file name="fizzbuzz.js" path="C:\laragon\www\fizzbuzz\fizzbuzz.js">
      <metrics statements="32" coveredstatements="32" conditionals="15" coveredconditionals="15" methods="3" coveredmethods="3"/>
      <line num="1" count="23" type="cond" truecount="1" falsecount="0"/>
      <line num="2" count="23" type="stmt"/>
      <line num="3" count="23" type="cond" truecount="1" falsecount="0"/>
      <line num="4" count="1" type="stmt"/>
      <line num="5" count="1" type="stmt"/>
      <line num="6" count="1" type="cond" truecount="1" falsecount="0"/>
      <line num="7" count="22" type="cond" truecount="1" falsecount="0"/>
      <line num="8" count="22" type="stmt"/>
      <line num="9" count="23" type="cond" truecount="1" falsecount="0"/>
      <line num="10" count="1" type="stmt"/>
      <line num="11" count="1" type="cond" truecount="1" falsecount="0"/>
      <line num="12" count="23" type="cond" truecount="2" falsecount="0"/>
      <line num="13" count="2" type="stmt"/>
      <line num="14" count="2" type="cond" truecount="1" falsecount="0"/>
      <line num="15" count="23" type="cond" truecount="1" falsecount="0"/>
      <line num="16" count="6" type="stmt"/>
      <line num="17" count="6" type="cond" truecount="1" falsecount="0"/>
      <line num="18" count="23" type="cond" truecount="1" falsecount="0"/>
      <line num="19" count="4" type="stmt"/>
      <line num="20" count="4" type="cond" truecount="1" falsecount="0"/>
      <line num="21" count="9" type="stmt"/>
      <line num="22" count="9" type="stmt"/>
      <line num="23" count="1" type="stmt"/>
      <line num="24" count="1" type="cond" truecount="1" falsecount="0"/>
      <line num="25" count="1" type="cond" truecount="1" falsecount="0"/>
      <line num="26" count="16" type="stmt"/>
      <line num="27" count="16" type="stmt"/>
      <line num="28" count="1" type="stmt"/>
      <line num="29" count="1" type="stmt"/>
      <line num="30" count="1" type="stmt"/>
      <line num="31" count="1" type="stmt"/>
      <line num="32" count="1" type="stmt"/>
    </file>
  </project>
</coverage>
