TN:
SF:fizzbuzz.js
FN:1,fizzbuzz
FN:7,divisible
FN:24,print
FNF:3
FNH:3
FNDA:23,fizzbuzz
FNDA:61,divisible
FNDA:1,print
DA:1,23
DA:2,23
DA:3,23
DA:4,1
DA:5,1
DA:6,1
DA:7,22
DA:8,22
DA:9,23
DA:10,1
DA:11,1
DA:12,23
DA:13,2
DA:14,2
DA:15,23
DA:16,6
DA:17,6
DA:18,23
DA:19,4
DA:20,4
DA:21,9
DA:22,9
DA:23,1
DA:24,1
DA:25,1
DA:26,16
DA:27,16
DA:28,1
DA:29,1
DA:30,1
DA:31,1
DA:32,1
LF:32
LH:32
BRDA:1,0,0,23
BRDA:3,1,0,1
BRDA:6,2,0,22
BRDA:9,3,0,1
BRDA:11,4,0,21
BRDA:12,5,0,8
BRDA:12,6,0,2
BRDA:14,7,0,19
BRDA:15,8,0,6
BRDA:17,9,0,13
BRDA:18,10,0,4
BRDA:20,11,0,9
BRDA:7,12,0,61
BRDA:24,13,0,1
BRDA:25,14,0,16
BRF:15
BRH:15
end_of_record
